c:\users\parth\downloads\hw3 final\consoleapplication1-20161111t030032z\consoleapplication1\consoleapplication1\x64\debug\consoleapplication1.pch
c:\users\parth\downloads\hw3 final\consoleapplication1-20161111t030032z\consoleapplication1\consoleapplication1\x64\debug\vc140.pdb
c:\users\parth\downloads\hw3 final\consoleapplication1-20161111t030032z\consoleapplication1\consoleapplication1\x64\debug\vc140.idb
c:\users\parth\downloads\hw3 final\consoleapplication1-20161111t030032z\consoleapplication1\consoleapplication1\x64\debug\stdafx.obj
c:\users\parth\downloads\hw3 final\consoleapplication1-20161111t030032z\consoleapplication1\consoleapplication1\x64\debug\board.obj
c:\users\parth\downloads\hw3 final\consoleapplication1-20161111t030032z\consoleapplication1\consoleapplication1\x64\debug\consoleapplication1.obj
c:\users\parth\downloads\hw3 final\consoleapplication1-20161111t030032z\consoleapplication1\consoleapplication1\x64\debug\display.obj
c:\users\parth\downloads\hw3 final\consoleapplication1-20161111t030032z\consoleapplication1\consoleapplication1\x64\debug\tree.obj
c:\users\parth\downloads\hw3 final - copy\consoleapplication1-20161111t030032z\consoleapplication1\consoleapplication1\x64\debug\consoleapplication1.pch
c:\users\parth\downloads\hw3 final - copy\consoleapplication1-20161111t030032z\consoleapplication1\consoleapplication1\x64\debug\vc140.pdb
c:\users\parth\downloads\hw3 final - copy\consoleapplication1-20161111t030032z\consoleapplication1\consoleapplication1\x64\debug\vc140.idb
c:\users\parth\downloads\hw3 final - copy\consoleapplication1-20161111t030032z\consoleapplication1\consoleapplication1\x64\debug\stdafx.obj
c:\users\parth\downloads\hw3 final - copy\consoleapplication1-20161111t030032z\consoleapplication1\consoleapplication1\x64\debug\board.obj
c:\users\parth\downloads\hw3 final - copy\consoleapplication1-20161111t030032z\consoleapplication1\consoleapplication1\x64\debug\consoleapplication1.obj
c:\users\parth\downloads\hw3 final - copy\consoleapplication1-20161111t030032z\consoleapplication1\consoleapplication1\x64\debug\display.obj
c:\users\parth\downloads\hw3 final - copy\consoleapplication1-20161111t030032z\consoleapplication1\consoleapplication1\x64\debug\tree.obj
c:\users\parth\downloads\a star pathfinding\hw3 final\consoleapplication1-20161111t030032z\consoleapplication1\consoleapplication1\x64\debug\consoleapplication1.pch
c:\users\parth\downloads\a star pathfinding\hw3 final\consoleapplication1-20161111t030032z\consoleapplication1\consoleapplication1\x64\debug\vc140.pdb
c:\users\parth\downloads\a star pathfinding\hw3 final\consoleapplication1-20161111t030032z\consoleapplication1\consoleapplication1\x64\debug\vc140.idb
c:\users\parth\downloads\a star pathfinding\hw3 final\consoleapplication1-20161111t030032z\consoleapplication1\consoleapplication1\x64\debug\stdafx.obj
c:\users\parth\downloads\a star pathfinding\hw3 final\consoleapplication1-20161111t030032z\consoleapplication1\consoleapplication1\x64\debug\board.obj
c:\users\parth\downloads\a star pathfinding\hw3 final\consoleapplication1-20161111t030032z\consoleapplication1\consoleapplication1\x64\debug\consoleapplication1.obj
c:\users\parth\downloads\a star pathfinding\hw3 final\consoleapplication1-20161111t030032z\consoleapplication1\consoleapplication1\x64\debug\display.obj
c:\users\parth\downloads\a star pathfinding\hw3 final\consoleapplication1-20161111t030032z\consoleapplication1\consoleapplication1\x64\debug\tree.obj
c:\users\parth\downloads\hw3 final\consoleapplication1-20161111t030032z\consoleapplication1\x64\debug\consoleapplication1.ilk
c:\users\parth\downloads\hw3 final\consoleapplication1-20161111t030032z\consoleapplication1\x64\debug\consoleapplication1.exe
c:\users\parth\downloads\hw3 final\consoleapplication1-20161111t030032z\consoleapplication1\x64\debug\consoleapplication1.pdb
c:\users\parth\downloads\hw3 final - copy\consoleapplication1-20161111t030032z\consoleapplication1\x64\debug\consoleapplication1.ilk
c:\users\parth\downloads\hw3 final - copy\consoleapplication1-20161111t030032z\consoleapplication1\x64\debug\consoleapplication1.exe
c:\users\parth\downloads\hw3 final - copy\consoleapplication1-20161111t030032z\consoleapplication1\x64\debug\consoleapplication1.pdb
c:\users\parth\downloads\a star pathfinding\hw3 final\consoleapplication1-20161111t030032z\consoleapplication1\x64\debug\consoleapplication1.ilk
c:\users\parth\downloads\a star pathfinding\hw3 final\consoleapplication1-20161111t030032z\consoleapplication1\x64\debug\consoleapplication1.exe
c:\users\parth\downloads\a star pathfinding\hw3 final\consoleapplication1-20161111t030032z\consoleapplication1\x64\debug\consoleapplication1.pdb
c:\users\akhil\documents\8-puzzle-problem-master\a star pathfinding\a star pathfinding\hw3 final\consoleapplication1-20161111t030032z\consoleapplication1\consoleapplication1\x64\debug\board.obj
c:\users\akhil\documents\8-puzzle-problem-master\a star pathfinding\a star pathfinding\hw3 final\consoleapplication1-20161111t030032z\consoleapplication1\consoleapplication1\x64\debug\consoleapplication1.obj
c:\users\akhil\documents\8-puzzle-problem-master\a star pathfinding\a star pathfinding\hw3 final\consoleapplication1-20161111t030032z\consoleapplication1\consoleapplication1\x64\debug\display.obj
c:\users\akhil\documents\8-puzzle-problem-master\a star pathfinding\a star pathfinding\hw3 final\consoleapplication1-20161111t030032z\consoleapplication1\consoleapplication1\x64\debug\stdafx.obj
c:\users\akhil\documents\8-puzzle-problem-master\a star pathfinding\a star pathfinding\hw3 final\consoleapplication1-20161111t030032z\consoleapplication1\consoleapplication1\x64\debug\tree.obj
c:\users\akhil\documents\8-puzzle-problem-master\a star pathfinding\a star pathfinding\hw3 final\consoleapplication1-20161111t030032z\consoleapplication1\consoleapplication1\x64\debug\consoleapplication1.pch
c:\users\akhil\documents\8-puzzle-problem-master\a star pathfinding\a star pathfinding\hw3 final\consoleapplication1-20161111t030032z\consoleapplication1\consoleapplication1\x64\debug\vc140.idb
c:\users\akhil\documents\8-puzzle-problem-master\a star pathfinding\a star pathfinding\hw3 final\consoleapplication1-20161111t030032z\consoleapplication1\consoleapplication1\x64\debug\vc140.pdb
c:\users\akhil\documents\8-puzzle-problem-master\a star pathfinding\a star pathfinding\hw3 final\consoleapplication1-20161111t030032z\consoleapplication1\consoleapplication1\x64\debug\consolea.d26282f3.tlog\cl.command.1.tlog
c:\users\akhil\documents\8-puzzle-problem-master\a star pathfinding\a star pathfinding\hw3 final\consoleapplication1-20161111t030032z\consoleapplication1\consoleapplication1\x64\debug\consolea.d26282f3.tlog\cl.read.1.tlog
c:\users\akhil\documents\8-puzzle-problem-master\a star pathfinding\a star pathfinding\hw3 final\consoleapplication1-20161111t030032z\consoleapplication1\consoleapplication1\x64\debug\consolea.d26282f3.tlog\cl.write.1.tlog
c:\users\akhil\documents\8-puzzle-problem-master\a star pathfinding\a star pathfinding\hw3 final\consoleapplication1-20161111t030032z\consoleapplication1\consoleapplication1\x64\debug\consolea.d26282f3.tlog\link.command.1.tlog
c:\users\akhil\documents\8-puzzle-problem-master\a star pathfinding\a star pathfinding\hw3 final\consoleapplication1-20161111t030032z\consoleapplication1\consoleapplication1\x64\debug\consolea.d26282f3.tlog\link.read.1.tlog
c:\users\akhil\documents\8-puzzle-problem-master\a star pathfinding\a star pathfinding\hw3 final\consoleapplication1-20161111t030032z\consoleapplication1\consoleapplication1\x64\debug\consolea.d26282f3.tlog\link.write.1.tlog
